0 info it worked if it ends with ok
1 verbose cli [ '/usr/local/bin/nsolid',
1 verbose cli   '/usr/local/bin/npm',
1 verbose cli   'install',
1 verbose cli   '--save',
1 verbose cli   'textfit' ]
2 info using npm@2.14.12
3 info using node@v4.3.2
4 verbose install initial load of /Users/njonas/Code/bardare/package.json
5 verbose installManyTop reading scoped package data from /Users/njonas/Code/bardare/node_modules/Base64/package.json
6 verbose installManyTop reading scoped package data from /Users/njonas/Code/bardare/node_modules/abbrev/package.json
7 verbose installManyTop reading scoped package data from /Users/njonas/Code/bardare/node_modules/accepts/package.json
8 verbose installManyTop reading scoped package data from /Users/njonas/Code/bardare/node_modules/acorn/package.json
9 verbose installManyTop reading scoped package data from /Users/njonas/Code/bardare/node_modules/after/package.json
10 verbose installManyTop reading scoped package data from /Users/njonas/Code/bardare/node_modules/agent-base/package.json
11 verbose installManyTop reading scoped package data from /Users/njonas/Code/bardare/node_modules/align-text/package.json
12 verbose installManyTop reading scoped package data from /Users/njonas/Code/bardare/node_modules/alphanum-sort/package.json
13 verbose installManyTop reading scoped package data from /Users/njonas/Code/bardare/node_modules/amdefine/package.json
14 verbose installManyTop reading scoped package data from /Users/njonas/Code/bardare/node_modules/angular2/package.json
15 verbose installManyTop reading scoped package data from /Users/njonas/Code/bardare/node_modules/ansi-escapes/package.json
16 verbose installManyTop reading scoped package data from /Users/njonas/Code/bardare/node_modules/ansi-regex/package.json
17 verbose installManyTop reading scoped package data from /Users/njonas/Code/bardare/node_modules/ansi-styles/package.json
18 verbose installManyTop reading scoped package data from /Users/njonas/Code/bardare/node_modules/any-promise/package.json
19 verbose installManyTop reading scoped package data from /Users/njonas/Code/bardare/node_modules/anymatch/package.json
20 verbose installManyTop reading scoped package data from /Users/njonas/Code/bardare/node_modules/archy/package.json
21 verbose installManyTop reading scoped package data from /Users/njonas/Code/bardare/node_modules/argparse/package.json
22 verbose installManyTop reading scoped package data from /Users/njonas/Code/bardare/node_modules/arr-diff/package.json
23 verbose installManyTop reading scoped package data from /Users/njonas/Code/bardare/node_modules/arr-flatten/package.json
24 verbose installManyTop reading scoped package data from /Users/njonas/Code/bardare/node_modules/array-flatten/package.json
25 verbose installManyTop reading scoped package data from /Users/njonas/Code/bardare/node_modules/array-uniq/package.json
26 verbose installManyTop reading scoped package data from /Users/njonas/Code/bardare/node_modules/array-unique/package.json
27 verbose installManyTop reading scoped package data from /Users/njonas/Code/bardare/node_modules/arraybuffer.slice/package.json
28 verbose installManyTop reading scoped package data from /Users/njonas/Code/bardare/node_modules/arrify/package.json
29 verbose installManyTop reading scoped package data from /Users/njonas/Code/bardare/node_modules/asn1/package.json
30 verbose installManyTop reading scoped package data from /Users/njonas/Code/bardare/node_modules/assert/package.json
31 verbose installManyTop reading scoped package data from /Users/njonas/Code/bardare/node_modules/assert-plus/package.json
32 verbose installManyTop reading scoped package data from /Users/njonas/Code/bardare/node_modules/async/package.json
33 verbose installManyTop reading scoped package data from /Users/njonas/Code/bardare/node_modules/async-each/package.json
34 verbose installManyTop reading scoped package data from /Users/njonas/Code/bardare/node_modules/async-each-series/package.json
35 verbose installManyTop reading scoped package data from /Users/njonas/Code/bardare/node_modules/autoprefixer/package.json
36 verbose installManyTop reading scoped package data from /Users/njonas/Code/bardare/node_modules/autoprefixer-stylus/package.json
37 verbose installManyTop reading scoped package data from /Users/njonas/Code/bardare/node_modules/aws-sign2/package.json
38 verbose installManyTop reading scoped package data from /Users/njonas/Code/bardare/node_modules/backo2/package.json
39 verbose installManyTop reading scoped package data from /Users/njonas/Code/bardare/node_modules/balanced-match/package.json
40 verbose installManyTop reading scoped package data from /Users/njonas/Code/bardare/node_modules/base64-arraybuffer/package.json
41 verbose installManyTop reading scoped package data from /Users/njonas/Code/bardare/node_modules/base64-js/package.json
42 verbose installManyTop reading scoped package data from /Users/njonas/Code/bardare/node_modules/base64id/package.json
43 verbose installManyTop reading scoped package data from /Users/njonas/Code/bardare/node_modules/batch/package.json
44 verbose installManyTop reading scoped package data from /Users/njonas/Code/bardare/node_modules/benchmark/package.json
45 verbose installManyTop reading scoped package data from /Users/njonas/Code/bardare/node_modules/better-assert/package.json
46 verbose installManyTop reading scoped package data from /Users/njonas/Code/bardare/node_modules/big.js/package.json
47 verbose installManyTop reading scoped package data from /Users/njonas/Code/bardare/node_modules/binary-extensions/package.json
48 verbose installManyTop reading scoped package data from /Users/njonas/Code/bardare/node_modules/bindings/package.json
49 verbose installManyTop reading scoped package data from /Users/njonas/Code/bardare/node_modules/bl/package.json
50 verbose installManyTop reading scoped package data from /Users/njonas/Code/bardare/node_modules/blob/package.json
51 verbose installManyTop reading scoped package data from /Users/njonas/Code/bardare/node_modules/bluebird/package.json
52 verbose installManyTop reading scoped package data from /Users/njonas/Code/bardare/node_modules/body-parser/package.json
53 verbose installManyTop reading scoped package data from /Users/njonas/Code/bardare/node_modules/boom/package.json
54 verbose installManyTop reading scoped package data from /Users/njonas/Code/bardare/node_modules/boxen/package.json
55 verbose installManyTop reading scoped package data from /Users/njonas/Code/bardare/node_modules/brace-expansion/package.json
56 verbose installManyTop reading scoped package data from /Users/njonas/Code/bardare/node_modules/braces/package.json
57 verbose installManyTop reading scoped package data from /Users/njonas/Code/bardare/node_modules/brfs/package.json
58 verbose installManyTop reading scoped package data from /Users/njonas/Code/bardare/node_modules/browser-sync/package.json
59 verbose installManyTop reading scoped package data from /Users/njonas/Code/bardare/node_modules/browser-sync-client/package.json
60 verbose installManyTop reading scoped package data from /Users/njonas/Code/bardare/node_modules/browser-sync-ui/package.json
61 verbose installManyTop reading scoped package data from /Users/njonas/Code/bardare/node_modules/browserify-zlib/package.json
62 verbose installManyTop reading scoped package data from /Users/njonas/Code/bardare/node_modules/browserslist/package.json
63 verbose installManyTop reading scoped package data from /Users/njonas/Code/bardare/node_modules/bs-recipes/package.json
64 verbose installManyTop reading scoped package data from /Users/njonas/Code/bardare/node_modules/buffer/package.json
65 verbose installManyTop reading scoped package data from /Users/njonas/Code/bardare/node_modules/buffer-equal/package.json
66 verbose installManyTop reading scoped package data from /Users/njonas/Code/bardare/node_modules/bufferutil/package.json
67 verbose installManyTop reading scoped package data from /Users/njonas/Code/bardare/node_modules/bytes/package.json
68 verbose installManyTop reading scoped package data from /Users/njonas/Code/bardare/node_modules/callsite/package.json
69 verbose installManyTop reading scoped package data from /Users/njonas/Code/bardare/node_modules/camelcase/package.json
70 verbose installManyTop reading scoped package data from /Users/njonas/Code/bardare/node_modules/camelcase-keys/package.json
71 verbose installManyTop reading scoped package data from /Users/njonas/Code/bardare/node_modules/caniuse-db/package.json
72 verbose installManyTop reading scoped package data from /Users/njonas/Code/bardare/node_modules/capture-stack-trace/package.json
73 verbose installManyTop reading scoped package data from /Users/njonas/Code/bardare/node_modules/caseless/package.json
74 verbose installManyTop reading scoped package data from /Users/njonas/Code/bardare/node_modules/center-align/package.json
75 verbose installManyTop reading scoped package data from /Users/njonas/Code/bardare/node_modules/chalk/package.json
76 verbose installManyTop reading scoped package data from /Users/njonas/Code/bardare/node_modules/chokidar/package.json
77 verbose installManyTop reading scoped package data from /Users/njonas/Code/bardare/node_modules/clap/package.json
78 verbose installManyTop reading scoped package data from /Users/njonas/Code/bardare/node_modules/cli-cursor/package.json
79 verbose installManyTop reading scoped package data from /Users/njonas/Code/bardare/node_modules/cli-width/package.json
80 verbose installManyTop reading scoped package data from /Users/njonas/Code/bardare/node_modules/cliui/package.json
81 verbose installManyTop reading scoped package data from /Users/njonas/Code/bardare/node_modules/clone/package.json
82 verbose installManyTop reading scoped package data from /Users/njonas/Code/bardare/node_modules/coa/package.json
83 verbose installManyTop reading scoped package data from /Users/njonas/Code/bardare/node_modules/code-point-at/package.json
84 verbose installManyTop reading scoped package data from /Users/njonas/Code/bardare/node_modules/color/package.json
85 verbose installManyTop reading scoped package data from /Users/njonas/Code/bardare/node_modules/color-convert/package.json
86 verbose installManyTop reading scoped package data from /Users/njonas/Code/bardare/node_modules/color-name/package.json
87 verbose installManyTop reading scoped package data from /Users/njonas/Code/bardare/node_modules/color-string/package.json
88 verbose installManyTop reading scoped package data from /Users/njonas/Code/bardare/node_modules/colormin/package.json
89 verbose installManyTop reading scoped package data from /Users/njonas/Code/bardare/node_modules/colors/package.json
90 verbose installManyTop reading scoped package data from /Users/njonas/Code/bardare/node_modules/columnify/package.json
91 verbose installManyTop reading scoped package data from /Users/njonas/Code/bardare/node_modules/combined-stream/package.json
92 verbose installManyTop reading scoped package data from /Users/njonas/Code/bardare/node_modules/commander/package.json
93 verbose installManyTop reading scoped package data from /Users/njonas/Code/bardare/node_modules/component-bind/package.json
94 verbose installManyTop reading scoped package data from /Users/njonas/Code/bardare/node_modules/component-emitter/package.json
95 verbose installManyTop reading scoped package data from /Users/njonas/Code/bardare/node_modules/component-inherit/package.json
96 verbose installManyTop reading scoped package data from /Users/njonas/Code/bardare/node_modules/compressible/package.json
97 verbose installManyTop reading scoped package data from /Users/njonas/Code/bardare/node_modules/compression/package.json
98 verbose installManyTop reading scoped package data from /Users/njonas/Code/bardare/node_modules/concat-map/package.json
99 verbose installManyTop reading scoped package data from /Users/njonas/Code/bardare/node_modules/concat-stream/package.json
100 verbose installManyTop reading scoped package data from /Users/njonas/Code/bardare/node_modules/concurrently/package.json
101 verbose installManyTop reading scoped package data from /Users/njonas/Code/bardare/node_modules/configstore/package.json
102 verbose installManyTop reading scoped package data from /Users/njonas/Code/bardare/node_modules/connect/package.json
103 verbose installManyTop reading scoped package data from /Users/njonas/Code/bardare/node_modules/connect-history-api-fallback/package.json
104 verbose installManyTop reading scoped package data from /Users/njonas/Code/bardare/node_modules/console-browserify/package.json
105 verbose installManyTop reading scoped package data from /Users/njonas/Code/bardare/node_modules/constants-browserify/package.json
106 verbose installManyTop reading scoped package data from /Users/njonas/Code/bardare/node_modules/content-disposition/package.json
107 verbose installManyTop reading scoped package data from /Users/njonas/Code/bardare/node_modules/content-type/package.json
108 verbose installManyTop reading scoped package data from /Users/njonas/Code/bardare/node_modules/cookie/package.json
109 verbose installManyTop reading scoped package data from /Users/njonas/Code/bardare/node_modules/cookie-signature/package.json
110 verbose installManyTop reading scoped package data from /Users/njonas/Code/bardare/node_modules/core-util-is/package.json
111 verbose installManyTop reading scoped package data from /Users/njonas/Code/bardare/node_modules/create-error-class/package.json
112 verbose installManyTop reading scoped package data from /Users/njonas/Code/bardare/node_modules/cross-spawn/package.json
113 verbose installManyTop reading scoped package data from /Users/njonas/Code/bardare/node_modules/cryptiles/package.json
114 verbose installManyTop reading scoped package data from /Users/njonas/Code/bardare/node_modules/crypto-browserify/package.json
115 verbose installManyTop reading scoped package data from /Users/njonas/Code/bardare/node_modules/css-color-names/package.json
116 verbose installManyTop reading scoped package data from /Users/njonas/Code/bardare/node_modules/css-loader/package.json
117 verbose installManyTop reading scoped package data from /Users/njonas/Code/bardare/node_modules/css-parse/package.json
118 verbose installManyTop reading scoped package data from /Users/njonas/Code/bardare/node_modules/css-selector-tokenizer/package.json
119 verbose installManyTop reading scoped package data from /Users/njonas/Code/bardare/node_modules/cssesc/package.json
120 verbose installManyTop reading scoped package data from /Users/njonas/Code/bardare/node_modules/cssnano/package.json
121 verbose installManyTop reading scoped package data from /Users/njonas/Code/bardare/node_modules/csso/package.json
122 verbose installManyTop reading scoped package data from /Users/njonas/Code/bardare/node_modules/ctype/package.json
123 verbose installManyTop reading scoped package data from /Users/njonas/Code/bardare/node_modules/date-now/package.json
124 verbose installManyTop reading scoped package data from /Users/njonas/Code/bardare/node_modules/debug/package.json
125 verbose installManyTop reading scoped package data from /Users/njonas/Code/bardare/node_modules/decamelize/package.json
126 verbose installManyTop reading scoped package data from /Users/njonas/Code/bardare/node_modules/deep-extend/package.json
127 verbose installManyTop reading scoped package data from /Users/njonas/Code/bardare/node_modules/defaults/package.json
128 verbose installManyTop reading scoped package data from /Users/njonas/Code/bardare/node_modules/defined/package.json
129 verbose installManyTop reading scoped package data from /Users/njonas/Code/bardare/node_modules/delayed-stream/package.json
130 verbose installManyTop reading scoped package data from /Users/njonas/Code/bardare/node_modules/depd/package.json
131 verbose installManyTop reading scoped package data from /Users/njonas/Code/bardare/node_modules/destroy/package.json
132 verbose installManyTop reading scoped package data from /Users/njonas/Code/bardare/node_modules/detect-indent/package.json
133 verbose installManyTop reading scoped package data from /Users/njonas/Code/bardare/node_modules/dev-ip/package.json
134 verbose installManyTop reading scoped package data from /Users/njonas/Code/bardare/node_modules/domain-browser/package.json
135 verbose installManyTop reading scoped package data from /Users/njonas/Code/bardare/node_modules/duplexer2/package.json
136 verbose installManyTop reading scoped package data from /Users/njonas/Code/bardare/node_modules/earcut/package.json
137 verbose installManyTop reading scoped package data from /Users/njonas/Code/bardare/node_modules/easy-extender/package.json
138 verbose installManyTop reading scoped package data from /Users/njonas/Code/bardare/node_modules/eazy-logger/package.json
139 verbose installManyTop reading scoped package data from /Users/njonas/Code/bardare/node_modules/ee-first/package.json
140 verbose installManyTop reading scoped package data from /Users/njonas/Code/bardare/node_modules/ejs/package.json
141 verbose installManyTop reading scoped package data from /Users/njonas/Code/bardare/node_modules/elegant-spinner/package.json
142 verbose installManyTop reading scoped package data from /Users/njonas/Code/bardare/node_modules/emitter-steward/package.json
143 verbose installManyTop reading scoped package data from /Users/njonas/Code/bardare/node_modules/engine.io/package.json
144 verbose installManyTop reading scoped package data from /Users/njonas/Code/bardare/node_modules/engine.io-client/package.json
145 verbose installManyTop reading scoped package data from /Users/njonas/Code/bardare/node_modules/engine.io-parser/package.json
146 verbose installManyTop reading scoped package data from /Users/njonas/Code/bardare/node_modules/enhanced-resolve/package.json
147 verbose installManyTop reading scoped package data from /Users/njonas/Code/bardare/node_modules/errno/package.json
148 verbose installManyTop reading scoped package data from /Users/njonas/Code/bardare/node_modules/error-ex/package.json
149 verbose installManyTop reading scoped package data from /Users/njonas/Code/bardare/node_modules/es6-promise/package.json
150 verbose installManyTop reading scoped package data from /Users/njonas/Code/bardare/node_modules/es6-shim/package.json
151 verbose installManyTop reading scoped package data from /Users/njonas/Code/bardare/node_modules/escape-html/package.json
152 verbose installManyTop reading scoped package data from /Users/njonas/Code/bardare/node_modules/escape-string-regexp/package.json
153 verbose installManyTop reading scoped package data from /Users/njonas/Code/bardare/node_modules/escodegen/package.json
154 verbose installManyTop reading scoped package data from /Users/njonas/Code/bardare/node_modules/esprima/package.json
155 verbose installManyTop reading scoped package data from /Users/njonas/Code/bardare/node_modules/estraverse/package.json
156 verbose installManyTop reading scoped package data from /Users/njonas/Code/bardare/node_modules/esutils/package.json
157 verbose installManyTop reading scoped package data from /Users/njonas/Code/bardare/node_modules/etag/package.json
158 verbose installManyTop reading scoped package data from /Users/njonas/Code/bardare/node_modules/eventemitter3/package.json
159 verbose installManyTop reading scoped package data from /Users/njonas/Code/bardare/node_modules/events/package.json
160 verbose installManyTop reading scoped package data from /Users/njonas/Code/bardare/node_modules/eventsource/package.json
161 verbose installManyTop reading scoped package data from /Users/njonas/Code/bardare/node_modules/exit-hook/package.json
162 verbose installManyTop reading scoped package data from /Users/njonas/Code/bardare/node_modules/expand-brackets/package.json
163 verbose installManyTop reading scoped package data from /Users/njonas/Code/bardare/node_modules/expand-range/package.json
164 verbose installManyTop reading scoped package data from /Users/njonas/Code/bardare/node_modules/express/package.json
165 verbose installManyTop reading scoped package data from /Users/njonas/Code/bardare/node_modules/extend/package.json
166 verbose installManyTop reading scoped package data from /Users/njonas/Code/bardare/node_modules/extglob/package.json
167 verbose installManyTop reading scoped package data from /Users/njonas/Code/bardare/node_modules/falafel/package.json
168 verbose installManyTop reading scoped package data from /Users/njonas/Code/bardare/node_modules/fastparse/package.json
169 verbose installManyTop reading scoped package data from /Users/njonas/Code/bardare/node_modules/faye-websocket/package.json
170 verbose installManyTop reading scoped package data from /Users/njonas/Code/bardare/node_modules/figures/package.json
171 verbose installManyTop reading scoped package data from /Users/njonas/Code/bardare/node_modules/filename-regex/package.json
172 verbose installManyTop reading scoped package data from /Users/njonas/Code/bardare/node_modules/fill-range/package.json
173 verbose installManyTop reading scoped package data from /Users/njonas/Code/bardare/node_modules/filled-array/package.json
174 verbose installManyTop reading scoped package data from /Users/njonas/Code/bardare/node_modules/finalhandler/package.json
175 verbose installManyTop reading scoped package data from /Users/njonas/Code/bardare/node_modules/flatten/package.json
176 verbose installManyTop reading scoped package data from /Users/njonas/Code/bardare/node_modules/for-in/package.json
177 verbose installManyTop reading scoped package data from /Users/njonas/Code/bardare/node_modules/for-own/package.json
178 verbose installManyTop reading scoped package data from /Users/njonas/Code/bardare/node_modules/foreach/package.json
179 verbose installManyTop reading scoped package data from /Users/njonas/Code/bardare/node_modules/forever-agent/package.json
180 verbose installManyTop reading scoped package data from /Users/njonas/Code/bardare/node_modules/form-data/package.json
181 verbose installManyTop reading scoped package data from /Users/njonas/Code/bardare/node_modules/formidable/package.json
182 verbose installManyTop reading scoped package data from /Users/njonas/Code/bardare/node_modules/forwarded/package.json
183 verbose installManyTop reading scoped package data from /Users/njonas/Code/bardare/node_modules/foxy/package.json
184 verbose installManyTop reading scoped package data from /Users/njonas/Code/bardare/node_modules/fresh/package.json
185 verbose installManyTop reading scoped package data from /Users/njonas/Code/bardare/node_modules/fs-extra/package.json
186 verbose installManyTop reading scoped package data from /Users/njonas/Code/bardare/node_modules/fsevents/package.json
187 verbose installManyTop reading scoped package data from /Users/njonas/Code/bardare/node_modules/function-bind/package.json
188 verbose installManyTop reading scoped package data from /Users/njonas/Code/bardare/node_modules/generate-function/package.json
189 verbose installManyTop reading scoped package data from /Users/njonas/Code/bardare/node_modules/generate-object-property/package.json
190 verbose installManyTop reading scoped package data from /Users/njonas/Code/bardare/node_modules/get-stdin/package.json
191 verbose installManyTop reading scoped package data from /Users/njonas/Code/bardare/node_modules/glob/package.json
192 verbose installManyTop reading scoped package data from /Users/njonas/Code/bardare/node_modules/glob-base/package.json
193 verbose installManyTop reading scoped package data from /Users/njonas/Code/bardare/node_modules/glob-parent/package.json
194 verbose installManyTop reading scoped package data from /Users/njonas/Code/bardare/node_modules/global/package.json
195 verbose installManyTop reading scoped package data from /Users/njonas/Code/bardare/node_modules/got/package.json
196 verbose installManyTop reading scoped package data from /Users/njonas/Code/bardare/node_modules/graceful-fs/package.json
197 verbose installManyTop reading scoped package data from /Users/njonas/Code/bardare/node_modules/graceful-readlink/package.json
198 verbose installManyTop reading scoped package data from /Users/njonas/Code/bardare/node_modules/har-validator/package.json
199 verbose installManyTop reading scoped package data from /Users/njonas/Code/bardare/node_modules/has/package.json
200 verbose installManyTop reading scoped package data from /Users/njonas/Code/bardare/node_modules/has-ansi/package.json
201 verbose installManyTop reading scoped package data from /Users/njonas/Code/bardare/node_modules/has-binary/package.json
202 verbose installManyTop reading scoped package data from /Users/njonas/Code/bardare/node_modules/has-binary-data/package.json
203 verbose installManyTop reading scoped package data from /Users/njonas/Code/bardare/node_modules/has-cors/package.json
204 verbose installManyTop reading scoped package data from /Users/njonas/Code/bardare/node_modules/has-flag/package.json
205 verbose installManyTop reading scoped package data from /Users/njonas/Code/bardare/node_modules/has-own/package.json
206 verbose installManyTop reading scoped package data from /Users/njonas/Code/bardare/node_modules/hawk/package.json
207 verbose installManyTop reading scoped package data from /Users/njonas/Code/bardare/node_modules/hoek/package.json
208 verbose installManyTop reading scoped package data from /Users/njonas/Code/bardare/node_modules/http-browserify/package.json
209 verbose installManyTop reading scoped package data from /Users/njonas/Code/bardare/node_modules/http-errors/package.json
210 verbose installManyTop reading scoped package data from /Users/njonas/Code/bardare/node_modules/http-proxy/package.json
211 verbose installManyTop reading scoped package data from /Users/njonas/Code/bardare/node_modules/http-proxy-agent/package.json
212 verbose installManyTop reading scoped package data from /Users/njonas/Code/bardare/node_modules/http-signature/package.json
213 verbose installManyTop reading scoped package data from /Users/njonas/Code/bardare/node_modules/https-browserify/package.json
214 verbose installManyTop reading scoped package data from /Users/njonas/Code/bardare/node_modules/https-proxy-agent/package.json
215 verbose installManyTop reading scoped package data from /Users/njonas/Code/bardare/node_modules/iconv-lite/package.json
216 verbose installManyTop reading scoped package data from /Users/njonas/Code/bardare/node_modules/icss-replace-symbols/package.json
217 verbose installManyTop reading scoped package data from /Users/njonas/Code/bardare/node_modules/ieee754/package.json
218 verbose installManyTop reading scoped package data from /Users/njonas/Code/bardare/node_modules/immutable/package.json
219 verbose installManyTop reading scoped package data from /Users/njonas/Code/bardare/node_modules/imurmurhash/package.json
220 verbose installManyTop reading scoped package data from /Users/njonas/Code/bardare/node_modules/indent-string/package.json
221 verbose installManyTop reading scoped package data from /Users/njonas/Code/bardare/node_modules/indexes-of/package.json
222 verbose installManyTop reading scoped package data from /Users/njonas/Code/bardare/node_modules/indexof/package.json
223 verbose installManyTop reading scoped package data from /Users/njonas/Code/bardare/node_modules/infinity-agent/package.json
224 verbose installManyTop reading scoped package data from /Users/njonas/Code/bardare/node_modules/inflight/package.json
225 verbose installManyTop reading scoped package data from /Users/njonas/Code/bardare/node_modules/inherit/package.json
226 verbose installManyTop reading scoped package data from /Users/njonas/Code/bardare/node_modules/inherits/package.json
227 verbose installManyTop reading scoped package data from /Users/njonas/Code/bardare/node_modules/ini/package.json
228 verbose installManyTop reading scoped package data from /Users/njonas/Code/bardare/node_modules/inquirer/package.json
229 verbose installManyTop reading scoped package data from /Users/njonas/Code/bardare/node_modules/insight/package.json
230 verbose installManyTop reading scoped package data from /Users/njonas/Code/bardare/node_modules/interpret/package.json
231 verbose installManyTop reading scoped package data from /Users/njonas/Code/bardare/node_modules/invariant/package.json
232 verbose installManyTop reading scoped package data from /Users/njonas/Code/bardare/node_modules/invert-kv/package.json
233 verbose installManyTop reading scoped package data from /Users/njonas/Code/bardare/node_modules/ipaddr.js/package.json
234 verbose installManyTop reading scoped package data from /Users/njonas/Code/bardare/node_modules/is-absolute/package.json
235 verbose installManyTop reading scoped package data from /Users/njonas/Code/bardare/node_modules/is-absolute-url/package.json
236 verbose installManyTop reading scoped package data from /Users/njonas/Code/bardare/node_modules/is-arrayish/package.json
237 verbose installManyTop reading scoped package data from /Users/njonas/Code/bardare/node_modules/is-binary-path/package.json
238 verbose installManyTop reading scoped package data from /Users/njonas/Code/bardare/node_modules/is-buffer/package.json
239 verbose installManyTop reading scoped package data from /Users/njonas/Code/bardare/node_modules/is-dotfile/package.json
240 verbose installManyTop reading scoped package data from /Users/njonas/Code/bardare/node_modules/is-equal-shallow/package.json
241 verbose installManyTop reading scoped package data from /Users/njonas/Code/bardare/node_modules/is-extendable/package.json
242 verbose installManyTop reading scoped package data from /Users/njonas/Code/bardare/node_modules/is-extglob/package.json
243 verbose installManyTop reading scoped package data from /Users/njonas/Code/bardare/node_modules/is-finite/package.json
244 verbose installManyTop reading scoped package data from /Users/njonas/Code/bardare/node_modules/is-fullwidth-code-point/package.json
245 verbose installManyTop reading scoped package data from /Users/njonas/Code/bardare/node_modules/is-glob/package.json
246 verbose installManyTop reading scoped package data from /Users/njonas/Code/bardare/node_modules/is-my-json-valid/package.json
247 verbose installManyTop reading scoped package data from /Users/njonas/Code/bardare/node_modules/is-npm/package.json
248 verbose installManyTop reading scoped package data from /Users/njonas/Code/bardare/node_modules/is-number/package.json
249 verbose installManyTop reading scoped package data from /Users/njonas/Code/bardare/node_modules/is-plain-obj/package.json
250 verbose installManyTop reading scoped package data from /Users/njonas/Code/bardare/node_modules/is-primitive/package.json
251 verbose installManyTop reading scoped package data from /Users/njonas/Code/bardare/node_modules/is-property/package.json
252 verbose installManyTop reading scoped package data from /Users/njonas/Code/bardare/node_modules/is-redirect/package.json
253 verbose installManyTop reading scoped package data from /Users/njonas/Code/bardare/node_modules/is-relative/package.json
254 verbose installManyTop reading scoped package data from /Users/njonas/Code/bardare/node_modules/is-retry-allowed/package.json
255 verbose installManyTop reading scoped package data from /Users/njonas/Code/bardare/node_modules/is-stream/package.json
256 verbose installManyTop reading scoped package data from /Users/njonas/Code/bardare/node_modules/is-svg/package.json
257 verbose installManyTop reading scoped package data from /Users/njonas/Code/bardare/node_modules/is-unc-path/package.json
258 verbose installManyTop reading scoped package data from /Users/njonas/Code/bardare/node_modules/is-utf8/package.json
259 verbose installManyTop reading scoped package data from /Users/njonas/Code/bardare/node_modules/is-windows/package.json
260 verbose installManyTop reading scoped package data from /Users/njonas/Code/bardare/node_modules/isarray/package.json
261 verbose installManyTop reading scoped package data from /Users/njonas/Code/bardare/node_modules/isobject/package.json
262 verbose installManyTop reading scoped package data from /Users/njonas/Code/bardare/node_modules/isstream/package.json
263 verbose installManyTop reading scoped package data from /Users/njonas/Code/bardare/node_modules/js-base64/package.json
264 verbose installManyTop reading scoped package data from /Users/njonas/Code/bardare/node_modules/js-tokens/package.json
265 verbose installManyTop reading scoped package data from /Users/njonas/Code/bardare/node_modules/js-yaml/package.json
266 verbose installManyTop reading scoped package data from /Users/njonas/Code/bardare/node_modules/json-loader/package.json
267 verbose installManyTop reading scoped package data from /Users/njonas/Code/bardare/node_modules/json-stringify-safe/package.json
268 verbose installManyTop reading scoped package data from /Users/njonas/Code/bardare/node_modules/json3/package.json
269 verbose installManyTop reading scoped package data from /Users/njonas/Code/bardare/node_modules/json5/package.json
270 verbose installManyTop reading scoped package data from /Users/njonas/Code/bardare/node_modules/jsonfile/package.json
271 verbose installManyTop reading scoped package data from /Users/njonas/Code/bardare/node_modules/jsonpointer/package.json
272 verbose installManyTop reading scoped package data from /Users/njonas/Code/bardare/node_modules/kind-of/package.json
273 verbose installManyTop reading scoped package data from /Users/njonas/Code/bardare/node_modules/klaw/package.json
274 verbose installManyTop reading scoped package data from /Users/njonas/Code/bardare/node_modules/latest-version/package.json
275 verbose installManyTop reading scoped package data from /Users/njonas/Code/bardare/node_modules/lazy-cache/package.json
276 verbose installManyTop reading scoped package data from /Users/njonas/Code/bardare/node_modules/lcid/package.json
277 verbose installManyTop reading scoped package data from /Users/njonas/Code/bardare/node_modules/limiter/package.json
278 verbose installManyTop reading scoped package data from /Users/njonas/Code/bardare/node_modules/listify/package.json
279 verbose installManyTop reading scoped package data from /Users/njonas/Code/bardare/node_modules/livereload-js/package.json
280 verbose installManyTop reading scoped package data from /Users/njonas/Code/bardare/node_modules/loader-utils/package.json
281 verbose installManyTop reading scoped package data from /Users/njonas/Code/bardare/node_modules/localtunnel/package.json
282 verbose installManyTop reading scoped package data from /Users/njonas/Code/bardare/node_modules/lockfile/package.json
283 verbose installManyTop reading scoped package data from /Users/njonas/Code/bardare/node_modules/lodash/package.json
284 verbose installManyTop reading scoped package data from /Users/njonas/Code/bardare/node_modules/lodash._arraycopy/package.json
285 verbose installManyTop reading scoped package data from /Users/njonas/Code/bardare/node_modules/lodash._arrayeach/package.json
286 verbose installManyTop reading scoped package data from /Users/njonas/Code/bardare/node_modules/lodash._basecopy/package.json
287 verbose installManyTop reading scoped package data from /Users/njonas/Code/bardare/node_modules/lodash._basefor/package.json
288 verbose installManyTop reading scoped package data from /Users/njonas/Code/bardare/node_modules/lodash._bindcallback/package.json
289 verbose installManyTop reading scoped package data from /Users/njonas/Code/bardare/node_modules/lodash._createassigner/package.json
290 verbose installManyTop reading scoped package data from /Users/njonas/Code/bardare/node_modules/lodash._createcompounder/package.json
291 verbose installManyTop reading scoped package data from /Users/njonas/Code/bardare/node_modules/lodash._getnative/package.json
292 verbose installManyTop reading scoped package data from /Users/njonas/Code/bardare/node_modules/lodash._isiterateecall/package.json
293 verbose installManyTop reading scoped package data from /Users/njonas/Code/bardare/node_modules/lodash._root/package.json
294 verbose installManyTop reading scoped package data from /Users/njonas/Code/bardare/node_modules/lodash.camelcase/package.json
295 verbose installManyTop reading scoped package data from /Users/njonas/Code/bardare/node_modules/lodash.debounce/package.json
296 verbose installManyTop reading scoped package data from /Users/njonas/Code/bardare/node_modules/lodash.deburr/package.json
297 verbose installManyTop reading scoped package data from /Users/njonas/Code/bardare/node_modules/lodash.isarguments/package.json
298 verbose installManyTop reading scoped package data from /Users/njonas/Code/bardare/node_modules/lodash.isarray/package.json
299 verbose installManyTop reading scoped package data from /Users/njonas/Code/bardare/node_modules/lodash.isplainobject/package.json
300 verbose installManyTop reading scoped package data from /Users/njonas/Code/bardare/node_modules/lodash.istypedarray/package.json
301 verbose installManyTop reading scoped package data from /Users/njonas/Code/bardare/node_modules/lodash.keys/package.json
302 verbose installManyTop reading scoped package data from /Users/njonas/Code/bardare/node_modules/lodash.keysin/package.json
303 verbose installManyTop reading scoped package data from /Users/njonas/Code/bardare/node_modules/lodash.merge/package.json
304 verbose installManyTop reading scoped package data from /Users/njonas/Code/bardare/node_modules/lodash.restparam/package.json
305 verbose installManyTop reading scoped package data from /Users/njonas/Code/bardare/node_modules/lodash.toplainobject/package.json
306 verbose installManyTop reading scoped package data from /Users/njonas/Code/bardare/node_modules/lodash.words/package.json
307 verbose installManyTop reading scoped package data from /Users/njonas/Code/bardare/node_modules/log-update/package.json
308 verbose installManyTop reading scoped package data from /Users/njonas/Code/bardare/node_modules/longest/package.json
309 verbose installManyTop reading scoped package data from /Users/njonas/Code/bardare/node_modules/loose-envify/package.json
310 verbose installManyTop reading scoped package data from /Users/njonas/Code/bardare/node_modules/lowercase-keys/package.json
311 verbose installManyTop reading scoped package data from /Users/njonas/Code/bardare/node_modules/lru-cache/package.json
312 verbose installManyTop reading scoped package data from /Users/njonas/Code/bardare/node_modules/make-error/package.json
313 verbose installManyTop reading scoped package data from /Users/njonas/Code/bardare/node_modules/make-error-cause/package.json
314 verbose installManyTop reading scoped package data from /Users/njonas/Code/bardare/node_modules/map-obj/package.json
315 verbose installManyTop reading scoped package data from /Users/njonas/Code/bardare/node_modules/media-typer/package.json
316 verbose installManyTop reading scoped package data from /Users/njonas/Code/bardare/node_modules/memory-fs/package.json
317 verbose installManyTop reading scoped package data from /Users/njonas/Code/bardare/node_modules/meow/package.json
318 verbose installManyTop reading scoped package data from /Users/njonas/Code/bardare/node_modules/merge-descriptors/package.json
319 verbose installManyTop reading scoped package data from /Users/njonas/Code/bardare/node_modules/methods/package.json
320 verbose installManyTop reading scoped package data from /Users/njonas/Code/bardare/node_modules/micromatch/package.json
321 verbose installManyTop reading scoped package data from /Users/njonas/Code/bardare/node_modules/mime/package.json
322 verbose installManyTop reading scoped package data from /Users/njonas/Code/bardare/node_modules/mime-db/package.json
323 verbose installManyTop reading scoped package data from /Users/njonas/Code/bardare/node_modules/mime-types/package.json
324 verbose installManyTop reading scoped package data from /Users/njonas/Code/bardare/node_modules/minimatch/package.json
325 verbose installManyTop reading scoped package data from /Users/njonas/Code/bardare/node_modules/minimist/package.json
326 verbose installManyTop reading scoped package data from /Users/njonas/Code/bardare/node_modules/mkdirp/package.json
327 verbose installManyTop reading scoped package data from /Users/njonas/Code/bardare/node_modules/moment/package.json
328 verbose installManyTop reading scoped package data from /Users/njonas/Code/bardare/node_modules/ms/package.json
329 verbose installManyTop reading scoped package data from /Users/njonas/Code/bardare/node_modules/multi-stage-sourcemap/package.json
330 verbose installManyTop reading scoped package data from /Users/njonas/Code/bardare/node_modules/mute-stream/package.json
331 verbose installManyTop reading scoped package data from /Users/njonas/Code/bardare/node_modules/nan/package.json
332 verbose installManyTop reading scoped package data from /Users/njonas/Code/bardare/node_modules/negotiator/package.json
333 verbose installManyTop reading scoped package data from /Users/njonas/Code/bardare/node_modules/node-libs-browser/package.json
334 verbose installManyTop reading scoped package data from /Users/njonas/Code/bardare/node_modules/node-status-codes/package.json
335 verbose installManyTop reading scoped package data from /Users/njonas/Code/bardare/node_modules/node-uuid/package.json
336 verbose installManyTop reading scoped package data from /Users/njonas/Code/bardare/node_modules/nopt/package.json
337 verbose installManyTop reading scoped package data from /Users/njonas/Code/bardare/node_modules/normalize-path/package.json
338 verbose installManyTop reading scoped package data from /Users/njonas/Code/bardare/node_modules/normalize-range/package.json
339 verbose installManyTop reading scoped package data from /Users/njonas/Code/bardare/node_modules/normalize-url/package.json
340 verbose installManyTop reading scoped package data from /Users/njonas/Code/bardare/node_modules/num2fraction/package.json
341 verbose installManyTop reading scoped package data from /Users/njonas/Code/bardare/node_modules/number-is-nan/package.json
342 verbose installManyTop reading scoped package data from /Users/njonas/Code/bardare/node_modules/oauth-sign/package.json
343 verbose installManyTop reading scoped package data from /Users/njonas/Code/bardare/node_modules/object-assign/package.json
344 verbose installManyTop reading scoped package data from /Users/njonas/Code/bardare/node_modules/object-component/package.json
345 verbose installManyTop reading scoped package data from /Users/njonas/Code/bardare/node_modules/object-inspect/package.json
346 verbose installManyTop reading scoped package data from /Users/njonas/Code/bardare/node_modules/object-keys/package.json
347 verbose installManyTop reading scoped package data from /Users/njonas/Code/bardare/node_modules/object-path/package.json
348 verbose installManyTop reading scoped package data from /Users/njonas/Code/bardare/node_modules/object.omit/package.json
349 verbose installManyTop reading scoped package data from /Users/njonas/Code/bardare/node_modules/object.pick/package.json
350 verbose installManyTop reading scoped package data from /Users/njonas/Code/bardare/node_modules/on-finished/package.json
351 verbose installManyTop reading scoped package data from /Users/njonas/Code/bardare/node_modules/on-headers/package.json
352 verbose installManyTop reading scoped package data from /Users/njonas/Code/bardare/node_modules/once/package.json
353 verbose installManyTop reading scoped package data from /Users/njonas/Code/bardare/node_modules/onetime/package.json
354 verbose installManyTop reading scoped package data from /Users/njonas/Code/bardare/node_modules/openurl/package.json
355 verbose installManyTop reading scoped package data from /Users/njonas/Code/bardare/node_modules/opn/package.json
356 verbose installManyTop reading scoped package data from /Users/njonas/Code/bardare/node_modules/opt-merger/package.json
357 verbose installManyTop reading scoped package data from /Users/njonas/Code/bardare/node_modules/optimist/package.json
358 verbose installManyTop reading scoped package data from /Users/njonas/Code/bardare/node_modules/options/package.json
359 verbose installManyTop reading scoped package data from /Users/njonas/Code/bardare/node_modules/original/package.json
360 verbose installManyTop reading scoped package data from /Users/njonas/Code/bardare/node_modules/os-browserify/package.json
361 verbose installManyTop reading scoped package data from /Users/njonas/Code/bardare/node_modules/os-homedir/package.json
362 verbose installManyTop reading scoped package data from /Users/njonas/Code/bardare/node_modules/os-locale/package.json
363 verbose installManyTop reading scoped package data from /Users/njonas/Code/bardare/node_modules/os-name/package.json
364 verbose installManyTop reading scoped package data from /Users/njonas/Code/bardare/node_modules/os-tmpdir/package.json
365 verbose installManyTop reading scoped package data from /Users/njonas/Code/bardare/node_modules/osenv/package.json
366 verbose installManyTop reading scoped package data from /Users/njonas/Code/bardare/node_modules/osx-release/package.json
367 verbose installManyTop reading scoped package data from /Users/njonas/Code/bardare/node_modules/package-json/package.json
368 verbose installManyTop reading scoped package data from /Users/njonas/Code/bardare/node_modules/pako/package.json
369 verbose installManyTop reading scoped package data from /Users/njonas/Code/bardare/node_modules/parse-glob/package.json
370 verbose installManyTop reading scoped package data from /Users/njonas/Code/bardare/node_modules/parse-json/package.json
371 verbose installManyTop reading scoped package data from /Users/njonas/Code/bardare/node_modules/parsejson/package.json
372 verbose installManyTop reading scoped package data from /Users/njonas/Code/bardare/node_modules/parseqs/package.json
373 verbose installManyTop reading scoped package data from /Users/njonas/Code/bardare/node_modules/parseuri/package.json
374 verbose installManyTop reading scoped package data from /Users/njonas/Code/bardare/node_modules/parseurl/package.json
375 verbose installManyTop reading scoped package data from /Users/njonas/Code/bardare/node_modules/path-browserify/package.json
376 verbose installManyTop reading scoped package data from /Users/njonas/Code/bardare/node_modules/path-is-absolute/package.json
377 verbose installManyTop reading scoped package data from /Users/njonas/Code/bardare/node_modules/path-to-regexp/package.json
378 verbose installManyTop reading scoped package data from /Users/njonas/Code/bardare/node_modules/pbkdf2-compat/package.json
379 verbose installManyTop reading scoped package data from /Users/njonas/Code/bardare/node_modules/pinkie/package.json
380 verbose installManyTop reading scoped package data from /Users/njonas/Code/bardare/node_modules/pinkie-promise/package.json
381 verbose installManyTop reading scoped package data from /Users/njonas/Code/bardare/node_modules/pixi.js/package.json
382 verbose installManyTop reading scoped package data from /Users/njonas/Code/bardare/node_modules/popsicle/package.json
383 verbose installManyTop reading scoped package data from /Users/njonas/Code/bardare/node_modules/popsicle-proxy-agent/package.json
384 verbose installManyTop reading scoped package data from /Users/njonas/Code/bardare/node_modules/popsicle-retry/package.json
385 verbose installManyTop reading scoped package data from /Users/njonas/Code/bardare/node_modules/popsicle-status/package.json
386 verbose installManyTop reading scoped package data from /Users/njonas/Code/bardare/node_modules/portscanner/package.json
387 verbose installManyTop reading scoped package data from /Users/njonas/Code/bardare/node_modules/postcss/package.json
388 verbose installManyTop reading scoped package data from /Users/njonas/Code/bardare/node_modules/postcss-calc/package.json
389 verbose installManyTop reading scoped package data from /Users/njonas/Code/bardare/node_modules/postcss-colormin/package.json
390 verbose installManyTop reading scoped package data from /Users/njonas/Code/bardare/node_modules/postcss-convert-values/package.json
391 verbose installManyTop reading scoped package data from /Users/njonas/Code/bardare/node_modules/postcss-discard-comments/package.json
392 verbose installManyTop reading scoped package data from /Users/njonas/Code/bardare/node_modules/postcss-discard-duplicates/package.json
393 verbose installManyTop reading scoped package data from /Users/njonas/Code/bardare/node_modules/postcss-discard-empty/package.json
394 verbose installManyTop reading scoped package data from /Users/njonas/Code/bardare/node_modules/postcss-discard-unused/package.json
395 verbose installManyTop reading scoped package data from /Users/njonas/Code/bardare/node_modules/postcss-filter-plugins/package.json
396 verbose installManyTop reading scoped package data from /Users/njonas/Code/bardare/node_modules/postcss-merge-idents/package.json
397 verbose installManyTop reading scoped package data from /Users/njonas/Code/bardare/node_modules/postcss-merge-longhand/package.json
398 verbose installManyTop reading scoped package data from /Users/njonas/Code/bardare/node_modules/postcss-merge-rules/package.json
399 verbose installManyTop reading scoped package data from /Users/njonas/Code/bardare/node_modules/postcss-message-helpers/package.json
400 verbose installManyTop reading scoped package data from /Users/njonas/Code/bardare/node_modules/postcss-minify-font-values/package.json
401 verbose installManyTop reading scoped package data from /Users/njonas/Code/bardare/node_modules/postcss-minify-gradients/package.json
402 verbose installManyTop reading scoped package data from /Users/njonas/Code/bardare/node_modules/postcss-minify-params/package.json
403 verbose installManyTop reading scoped package data from /Users/njonas/Code/bardare/node_modules/postcss-minify-selectors/package.json
404 verbose installManyTop reading scoped package data from /Users/njonas/Code/bardare/node_modules/postcss-modules-extract-imports/package.json
405 verbose installManyTop reading scoped package data from /Users/njonas/Code/bardare/node_modules/postcss-modules-local-by-default/package.json
406 verbose installManyTop reading scoped package data from /Users/njonas/Code/bardare/node_modules/postcss-modules-scope/package.json
407 verbose installManyTop reading scoped package data from /Users/njonas/Code/bardare/node_modules/postcss-modules-values/package.json
408 verbose installManyTop reading scoped package data from /Users/njonas/Code/bardare/node_modules/postcss-normalize-charset/package.json
409 verbose installManyTop reading scoped package data from /Users/njonas/Code/bardare/node_modules/postcss-normalize-url/package.json
410 verbose installManyTop reading scoped package data from /Users/njonas/Code/bardare/node_modules/postcss-ordered-values/package.json
411 verbose installManyTop reading scoped package data from /Users/njonas/Code/bardare/node_modules/postcss-reduce-idents/package.json
412 verbose installManyTop reading scoped package data from /Users/njonas/Code/bardare/node_modules/postcss-reduce-transforms/package.json
413 verbose installManyTop reading scoped package data from /Users/njonas/Code/bardare/node_modules/postcss-selector-parser/package.json
414 verbose installManyTop reading scoped package data from /Users/njonas/Code/bardare/node_modules/postcss-svgo/package.json
415 verbose installManyTop reading scoped package data from /Users/njonas/Code/bardare/node_modules/postcss-unique-selectors/package.json
416 verbose installManyTop reading scoped package data from /Users/njonas/Code/bardare/node_modules/postcss-value-parser/package.json
417 verbose installManyTop reading scoped package data from /Users/njonas/Code/bardare/node_modules/postcss-zindex/package.json
418 verbose installManyTop reading scoped package data from /Users/njonas/Code/bardare/node_modules/prepend-http/package.json
419 verbose installManyTop reading scoped package data from /Users/njonas/Code/bardare/node_modules/preserve/package.json
420 verbose installManyTop reading scoped package data from /Users/njonas/Code/bardare/node_modules/process/package.json
421 verbose installManyTop reading scoped package data from /Users/njonas/Code/bardare/node_modules/process-nextick-args/package.json
422 verbose installManyTop reading scoped package data from /Users/njonas/Code/bardare/node_modules/promise-finally/package.json
423 verbose installManyTop reading scoped package data from /Users/njonas/Code/bardare/node_modules/proxy-addr/package.json
424 verbose installManyTop reading scoped package data from /Users/njonas/Code/bardare/node_modules/prr/package.json
425 verbose installManyTop reading scoped package data from /Users/njonas/Code/bardare/node_modules/punycode/package.json
426 verbose installManyTop reading scoped package data from /Users/njonas/Code/bardare/node_modules/q/package.json
427 verbose installManyTop reading scoped package data from /Users/njonas/Code/bardare/node_modules/qs/package.json
428 verbose installManyTop reading scoped package data from /Users/njonas/Code/bardare/node_modules/query-string/package.json
429 verbose installManyTop reading scoped package data from /Users/njonas/Code/bardare/node_modules/querystring/package.json
430 verbose installManyTop reading scoped package data from /Users/njonas/Code/bardare/node_modules/querystring-es3/package.json
431 verbose installManyTop reading scoped package data from /Users/njonas/Code/bardare/node_modules/querystringify/package.json
432 verbose installManyTop reading scoped package data from /Users/njonas/Code/bardare/node_modules/quote-stream/package.json
433 verbose installManyTop reading scoped package data from /Users/njonas/Code/bardare/node_modules/randomatic/package.json
434 verbose installManyTop reading scoped package data from /Users/njonas/Code/bardare/node_modules/range-parser/package.json
435 verbose installManyTop reading scoped package data from /Users/njonas/Code/bardare/node_modules/raw-body/package.json
436 verbose installManyTop reading scoped package data from /Users/njonas/Code/bardare/node_modules/rc/package.json
437 verbose installManyTop reading scoped package data from /Users/njonas/Code/bardare/node_modules/read-all-stream/package.json
438 verbose installManyTop reading scoped package data from /Users/njonas/Code/bardare/node_modules/readable-stream/package.json
439 verbose installManyTop reading scoped package data from /Users/njonas/Code/bardare/node_modules/readdirp/package.json
440 verbose installManyTop reading scoped package data from /Users/njonas/Code/bardare/node_modules/readline2/package.json
441 verbose installManyTop reading scoped package data from /Users/njonas/Code/bardare/node_modules/reduce-css-calc/package.json
442 verbose installManyTop reading scoped package data from /Users/njonas/Code/bardare/node_modules/reduce-function-call/package.json
443 verbose installManyTop reading scoped package data from /Users/njonas/Code/bardare/node_modules/reflect-metadata/package.json
444 verbose installManyTop reading scoped package data from /Users/njonas/Code/bardare/node_modules/regex-cache/package.json
445 verbose installManyTop reading scoped package data from /Users/njonas/Code/bardare/node_modules/registry-url/package.json
446 verbose installManyTop reading scoped package data from /Users/njonas/Code/bardare/node_modules/repeat-element/package.json
447 verbose installManyTop reading scoped package data from /Users/njonas/Code/bardare/node_modules/repeat-string/package.json
448 verbose installManyTop reading scoped package data from /Users/njonas/Code/bardare/node_modules/repeating/package.json
449 verbose installManyTop reading scoped package data from /Users/njonas/Code/bardare/node_modules/request/package.json
450 verbose installManyTop reading scoped package data from /Users/njonas/Code/bardare/node_modules/requires-port/package.json
451 verbose installManyTop reading scoped package data from /Users/njonas/Code/bardare/node_modules/resolve/package.json
452 verbose installManyTop reading scoped package data from /Users/njonas/Code/bardare/node_modules/resource-loader/package.json
453 verbose installManyTop reading scoped package data from /Users/njonas/Code/bardare/node_modules/resp-modifier/package.json
454 verbose installManyTop reading scoped package data from /Users/njonas/Code/bardare/node_modules/restore-cursor/package.json
455 verbose installManyTop reading scoped package data from /Users/njonas/Code/bardare/node_modules/right-align/package.json
456 verbose installManyTop reading scoped package data from /Users/njonas/Code/bardare/node_modules/rimraf/package.json
457 verbose installManyTop reading scoped package data from /Users/njonas/Code/bardare/node_modules/ripemd160/package.json
458 verbose installManyTop reading scoped package data from /Users/njonas/Code/bardare/node_modules/run-async/package.json
459 verbose installManyTop reading scoped package data from /Users/njonas/Code/bardare/node_modules/rx/package.json
460 verbose installManyTop reading scoped package data from /Users/njonas/Code/bardare/node_modules/rx-lite/package.json
461 verbose installManyTop reading scoped package data from /Users/njonas/Code/bardare/node_modules/rxjs/package.json
462 verbose installManyTop reading scoped package data from /Users/njonas/Code/bardare/node_modules/sax/package.json
463 verbose installManyTop reading scoped package data from /Users/njonas/Code/bardare/node_modules/semver/package.json
464 verbose installManyTop reading scoped package data from /Users/njonas/Code/bardare/node_modules/semver-diff/package.json
465 verbose installManyTop reading scoped package data from /Users/njonas/Code/bardare/node_modules/send/package.json
466 verbose installManyTop reading scoped package data from /Users/njonas/Code/bardare/node_modules/serve-index/package.json
467 verbose installManyTop reading scoped package data from /Users/njonas/Code/bardare/node_modules/serve-static/package.json
468 verbose installManyTop reading scoped package data from /Users/njonas/Code/bardare/node_modules/sha.js/package.json
469 verbose installManyTop reading scoped package data from /Users/njonas/Code/bardare/node_modules/shallow-copy/package.json
470 verbose installManyTop reading scoped package data from /Users/njonas/Code/bardare/node_modules/sigmund/package.json
471 verbose installManyTop reading scoped package data from /Users/njonas/Code/bardare/node_modules/slide/package.json
472 verbose installManyTop reading scoped package data from /Users/njonas/Code/bardare/node_modules/sntp/package.json
473 verbose installManyTop reading scoped package data from /Users/njonas/Code/bardare/node_modules/socket.io/package.json
474 verbose installManyTop reading scoped package data from /Users/njonas/Code/bardare/node_modules/socket.io-adapter/package.json
475 verbose installManyTop reading scoped package data from /Users/njonas/Code/bardare/node_modules/socket.io-client/package.json
476 verbose installManyTop reading scoped package data from /Users/njonas/Code/bardare/node_modules/socket.io-parser/package.json
477 verbose installManyTop reading scoped package data from /Users/njonas/Code/bardare/node_modules/sockjs/package.json
478 verbose installManyTop reading scoped package data from /Users/njonas/Code/bardare/node_modules/sockjs-client/package.json
479 verbose installManyTop reading scoped package data from /Users/njonas/Code/bardare/node_modules/sort-keys/package.json
480 verbose installManyTop reading scoped package data from /Users/njonas/Code/bardare/node_modules/source-list-map/package.json
481 verbose installManyTop reading scoped package data from /Users/njonas/Code/bardare/node_modules/source-map/package.json
482 verbose installManyTop reading scoped package data from /Users/njonas/Code/bardare/node_modules/sprintf-js/package.json
483 verbose installManyTop reading scoped package data from /Users/njonas/Code/bardare/node_modules/static-eval/package.json
484 verbose installManyTop reading scoped package data from /Users/njonas/Code/bardare/node_modules/static-module/package.json
485 verbose installManyTop reading scoped package data from /Users/njonas/Code/bardare/node_modules/statuses/package.json
486 verbose installManyTop reading scoped package data from /Users/njonas/Code/bardare/node_modules/stream-browserify/package.json
487 verbose installManyTop reading scoped package data from /Users/njonas/Code/bardare/node_modules/stream-cache/package.json
488 verbose installManyTop reading scoped package data from /Users/njonas/Code/bardare/node_modules/stream-throttle/package.json
489 verbose installManyTop reading scoped package data from /Users/njonas/Code/bardare/node_modules/strict-uri-encode/package.json
490 verbose installManyTop reading scoped package data from /Users/njonas/Code/bardare/node_modules/string-template/package.json
491 verbose installManyTop reading scoped package data from /Users/njonas/Code/bardare/node_modules/string-width/package.json
492 verbose installManyTop reading scoped package data from /Users/njonas/Code/bardare/node_modules/string_decoder/package.json
493 verbose installManyTop reading scoped package data from /Users/njonas/Code/bardare/node_modules/stringstream/package.json
494 verbose installManyTop reading scoped package data from /Users/njonas/Code/bardare/node_modules/strip-ansi/package.json
495 verbose installManyTop reading scoped package data from /Users/njonas/Code/bardare/node_modules/strip-bom/package.json
496 verbose installManyTop reading scoped package data from /Users/njonas/Code/bardare/node_modules/strip-json-comments/package.json
497 verbose installManyTop reading scoped package data from /Users/njonas/Code/bardare/node_modules/style-loader/package.json
498 verbose installManyTop reading scoped package data from /Users/njonas/Code/bardare/node_modules/stylus/package.json
499 verbose installManyTop reading scoped package data from /Users/njonas/Code/bardare/node_modules/stylus-loader/package.json
500 verbose installManyTop reading scoped package data from /Users/njonas/Code/bardare/node_modules/supports-color/package.json
501 verbose installManyTop reading scoped package data from /Users/njonas/Code/bardare/node_modules/svgo/package.json
502 verbose installManyTop reading scoped package data from /Users/njonas/Code/bardare/node_modules/tapable/package.json
503 verbose installManyTop reading scoped package data from /Users/njonas/Code/bardare/node_modules/tfunk/package.json
504 verbose installManyTop reading scoped package data from /Users/njonas/Code/bardare/node_modules/thenify/package.json
505 verbose installManyTop reading scoped package data from /Users/njonas/Code/bardare/node_modules/through/package.json
506 verbose installManyTop reading scoped package data from /Users/njonas/Code/bardare/node_modules/through2/package.json
507 verbose installManyTop reading scoped package data from /Users/njonas/Code/bardare/node_modules/timed-out/package.json
508 verbose installManyTop reading scoped package data from /Users/njonas/Code/bardare/node_modules/timers-browserify/package.json
509 verbose installManyTop reading scoped package data from /Users/njonas/Code/bardare/node_modules/tiny-lr/package.json
510 verbose installManyTop reading scoped package data from /Users/njonas/Code/bardare/node_modules/to-array/package.json
511 verbose installManyTop reading scoped package data from /Users/njonas/Code/bardare/node_modules/touch/package.json
512 verbose installManyTop reading scoped package data from /Users/njonas/Code/bardare/node_modules/tough-cookie/package.json
513 verbose installManyTop reading scoped package data from /Users/njonas/Code/bardare/node_modules/ts-loader/package.json
514 verbose installManyTop reading scoped package data from /Users/njonas/Code/bardare/node_modules/tty-browserify/package.json
515 verbose installManyTop reading scoped package data from /Users/njonas/Code/bardare/node_modules/tunnel-agent/package.json
516 verbose installManyTop reading scoped package data from /Users/njonas/Code/bardare/node_modules/type-is/package.json
517 verbose installManyTop reading scoped package data from /Users/njonas/Code/bardare/node_modules/typedarray/package.json
518 verbose installManyTop reading scoped package data from /Users/njonas/Code/bardare/node_modules/typescript/package.json
519 verbose installManyTop reading scoped package data from /Users/njonas/Code/bardare/node_modules/typings/package.json
520 verbose installManyTop reading scoped package data from /Users/njonas/Code/bardare/node_modules/ua-parser-js/package.json
521 verbose installManyTop reading scoped package data from /Users/njonas/Code/bardare/node_modules/ucfirst/package.json
522 verbose installManyTop reading scoped package data from /Users/njonas/Code/bardare/node_modules/uglify-js/package.json
523 verbose installManyTop reading scoped package data from /Users/njonas/Code/bardare/node_modules/uglify-to-browserify/package.json
524 verbose installManyTop reading scoped package data from /Users/njonas/Code/bardare/node_modules/ultron/package.json
525 verbose installManyTop reading scoped package data from /Users/njonas/Code/bardare/node_modules/unc-path-regex/package.json
526 verbose installManyTop reading scoped package data from /Users/njonas/Code/bardare/node_modules/underscore/package.json
527 verbose installManyTop reading scoped package data from /Users/njonas/Code/bardare/node_modules/uniq/package.json
528 verbose installManyTop reading scoped package data from /Users/njonas/Code/bardare/node_modules/uniqid/package.json
529 verbose installManyTop reading scoped package data from /Users/njonas/Code/bardare/node_modules/uniqs/package.json
530 verbose installManyTop reading scoped package data from /Users/njonas/Code/bardare/node_modules/unpipe/package.json
531 verbose installManyTop reading scoped package data from /Users/njonas/Code/bardare/node_modules/unzip-response/package.json
532 verbose installManyTop reading scoped package data from /Users/njonas/Code/bardare/node_modules/update-notifier/package.json
533 verbose installManyTop reading scoped package data from /Users/njonas/Code/bardare/node_modules/url/package.json
534 verbose installManyTop reading scoped package data from /Users/njonas/Code/bardare/node_modules/url-parse/package.json
535 verbose installManyTop reading scoped package data from /Users/njonas/Code/bardare/node_modules/url-parse-lax/package.json
536 verbose installManyTop reading scoped package data from /Users/njonas/Code/bardare/node_modules/utf-8-validate/package.json
537 verbose installManyTop reading scoped package data from /Users/njonas/Code/bardare/node_modules/utf8/package.json
538 verbose installManyTop reading scoped package data from /Users/njonas/Code/bardare/node_modules/util/package.json
539 verbose installManyTop reading scoped package data from /Users/njonas/Code/bardare/node_modules/util-deprecate/package.json
540 verbose installManyTop reading scoped package data from /Users/njonas/Code/bardare/node_modules/utils-merge/package.json
541 verbose installManyTop reading scoped package data from /Users/njonas/Code/bardare/node_modules/uuid/package.json
542 verbose installManyTop reading scoped package data from /Users/njonas/Code/bardare/node_modules/vary/package.json
543 verbose installManyTop reading scoped package data from /Users/njonas/Code/bardare/node_modules/vm-browserify/package.json
544 verbose installManyTop reading scoped package data from /Users/njonas/Code/bardare/node_modules/watchpack/package.json
545 verbose installManyTop reading scoped package data from /Users/njonas/Code/bardare/node_modules/wcwidth/package.json
546 verbose installManyTop reading scoped package data from /Users/njonas/Code/bardare/node_modules/webpack/package.json
547 verbose installManyTop reading scoped package data from /Users/njonas/Code/bardare/node_modules/webpack-core/package.json
548 verbose installManyTop reading scoped package data from /Users/njonas/Code/bardare/node_modules/webpack-dev-middleware/package.json
549 verbose installManyTop reading scoped package data from /Users/njonas/Code/bardare/node_modules/webpack-dev-server/package.json
550 verbose installManyTop reading scoped package data from /Users/njonas/Code/bardare/node_modules/webpack-livereload-plugin/package.json
551 verbose installManyTop reading scoped package data from /Users/njonas/Code/bardare/node_modules/websocket-driver/package.json
552 verbose installManyTop reading scoped package data from /Users/njonas/Code/bardare/node_modules/websocket-extensions/package.json
553 verbose installManyTop reading scoped package data from /Users/njonas/Code/bardare/node_modules/weinre/package.json
554 verbose installManyTop reading scoped package data from /Users/njonas/Code/bardare/node_modules/when/package.json
555 verbose installManyTop reading scoped package data from /Users/njonas/Code/bardare/node_modules/whet.extend/package.json
556 verbose installManyTop reading scoped package data from /Users/njonas/Code/bardare/node_modules/widest-line/package.json
557 verbose installManyTop reading scoped package data from /Users/njonas/Code/bardare/node_modules/win-release/package.json
558 verbose installManyTop reading scoped package data from /Users/njonas/Code/bardare/node_modules/window-size/package.json
559 verbose installManyTop reading scoped package data from /Users/njonas/Code/bardare/node_modules/wordwrap/package.json
560 verbose installManyTop reading scoped package data from /Users/njonas/Code/bardare/node_modules/wrap-ansi/package.json
561 verbose installManyTop reading scoped package data from /Users/njonas/Code/bardare/node_modules/wrappy/package.json
562 verbose installManyTop reading scoped package data from /Users/njonas/Code/bardare/node_modules/write-file-atomic/package.json
563 verbose installManyTop reading scoped package data from /Users/njonas/Code/bardare/node_modules/ws/package.json
564 verbose installManyTop reading scoped package data from /Users/njonas/Code/bardare/node_modules/xdg-basedir/package.json
565 verbose installManyTop reading scoped package data from /Users/njonas/Code/bardare/node_modules/xmlhttprequest/package.json
566 verbose installManyTop reading scoped package data from /Users/njonas/Code/bardare/node_modules/xmlhttprequest-ssl/package.json
567 verbose installManyTop reading scoped package data from /Users/njonas/Code/bardare/node_modules/xtend/package.json
568 verbose installManyTop reading scoped package data from /Users/njonas/Code/bardare/node_modules/y18n/package.json
569 verbose installManyTop reading scoped package data from /Users/njonas/Code/bardare/node_modules/yargs/package.json
570 verbose installManyTop reading scoped package data from /Users/njonas/Code/bardare/node_modules/yeast/package.json
571 verbose installManyTop reading scoped package data from /Users/njonas/Code/bardare/node_modules/zip-object/package.json
572 verbose installManyTop reading scoped package data from /Users/njonas/Code/bardare/node_modules/zone.js/package.json
573 verbose installManyTop reading scoped package data from /Users/njonas/Code/bardare/node_modules/@ngrx/store/package.json
574 info package.json Base64@0.2.1 No license field.
575 info package.json after@0.8.1 No license field.
576 info package.json arr-flatten@1.0.1 license should be a valid SPDX license expression
577 info package.json array-unique@0.2.1 license should be a valid SPDX license expression
578 info package.json arraybuffer.slice@0.0.6 No license field.
579 info package.json asn1@0.1.11 No license field.
580 info package.json assert-plus@0.1.5 No license field.
581 info package.json assert@1.3.0 assert is also the name of a node core module.
582 info package.json base64-arraybuffer@0.1.2 No license field.
583 info package.json base64id@0.1.0 No license field.
584 info package.json batch@0.5.3 No license field.
585 info package.json benchmark@1.0.0 No license field.
586 info package.json better-assert@1.0.2 No license field.
587 info package.json blob@0.0.4 No license field.
588 info package.json browser-sync-client@2.4.1 No license field.
589 info package.json buffer@3.6.0 buffer is also the name of a node core module.
590 info package.json callsite@1.0.0 No repository field.
591 info package.json callsite@1.0.0 No license field.
592 info package.json coa@1.0.1 No license field.
593 info package.json component-emitter@1.1.2 No license field.
594 info package.json component-bind@1.0.0 No license field.
595 info package.json component-inherit@0.0.3 No license field.
596 info package.json console-browserify@1.1.0 No license field.
597 info package.json cssesc@0.1.0 No license field.
598 info package.json ctype@0.5.3 No license field.
599 info package.json date-now@0.1.4 No license field.
600 info package.json dev-ip@1.0.1 No license field.
601 info package.json duplexer2@0.0.2 license should be a valid SPDX license expression
602 info package.json easy-extender@2.3.2 No license field.
603 info package.json eazy-logger@2.1.2 No license field.
604 info package.json engine.io@1.5.4 No license field.
605 info package.json engine.io-client@1.5.4 No license field.
606 info package.json enhanced-resolve@0.9.1 No license field.
607 info package.json engine.io-parser@1.2.2 No license field.
608 info package.json escodegen@1.3.3 No license field.
609 info package.json estraverse@1.5.1 No license field.
610 info package.json esutils@1.0.0 No license field.
611 info package.json events@1.1.0 events is also the name of a node core module.
612 info package.json eventsource@0.1.6 No license field.
613 info package.json expand-range@1.8.1 license should be a valid SPDX license expression
614 info package.json filename-regex@2.0.0 license should be a valid SPDX license expression
615 info package.json for-in@0.1.4 license should be a valid SPDX license expression
616 info package.json for-own@0.1.3 license should be a valid SPDX license expression
617 info package.json formidable@1.0.17 No license field.
618 info package.json function-bind@1.1.0 No license field.
619 info package.json glob-base@0.3.0 license should be a valid SPDX license expression
620 info package.json has@1.0.1 No license field.
621 info package.json has-binary@0.1.6 No repository field.
622 info package.json has-binary-data@0.1.3 No repository field.
623 info package.json http-browserify@1.7.0 license should be a valid SPDX license expression
624 info package.json indexof@0.0.1 No repository field.
625 info package.json indexof@0.0.1 No license field.
626 info package.json is-primitive@2.0.0 license should be a valid SPDX license expression
627 info package.json js-base64@2.1.9 license should be a valid SPDX license expression
628 info package.json json3@3.2.6 No license field.
629 info package.json limiter@1.1.0 No license field.
630 info package.json longest@1.0.1 license should be a valid SPDX license expression
631 info package.json mime@1.3.4 No license field.
632 info package.json mkdirp@0.3.0 license should be a valid SPDX license expression
633 info package.json ms@0.7.1 No license field.
634 info package.json node-uuid@1.4.7 No license field.
635 info package.json object-component@0.0.3 No repository field.
636 info package.json object-component@0.0.3 No license field.
637 info package.json object.pick@1.1.1 license should be a valid SPDX license expression
638 info package.json optimist@0.6.1 license should be a valid SPDX license expression
639 info package.json options@0.0.6 No license field.
640 info package.json pako@0.2.8 license should be a valid SPDX license expression
641 info package.json parsejson@0.0.1 No repository field.
642 info package.json parseqs@0.0.2 No repository field.
643 info package.json parseuri@0.0.2 No repository field.
644 info package.json portscanner@1.0.0 No license field.
645 info package.json preserve@0.2.0 license should be a valid SPDX license expression
646 info package.json process@0.11.2 process is also the name of a node core module.
647 info package.json punycode@1.4.0 punycode is also the name of a node core module.
648 info package.json q@1.4.1 license should be a valid SPDX license expression
649 info package.json querystring-es3@0.2.1 No license field.
650 info package.json querystring@0.2.0 querystring is also the name of a node core module.
651 info package.json querystring@0.2.0 No license field.
652 info package.json regex-cache@0.4.2 license should be a valid SPDX license expression
653 info package.json repeat-element@1.1.2 license should be a valid SPDX license expression
654 info package.json resp-modifier@5.0.2 No license field.
655 info package.json ripemd160@0.2.0 No license field.
656 info package.json rx-lite@3.1.2 No license field.
657 info package.json rx@2.3.24 No license field.
658 info package.json sntp@1.0.9 No license field.
659 info package.json socket.io-adapter@0.3.1 No license field.
660 info package.json stream-cache@0.0.2 No license field.
661 info package.json string_decoder@0.10.31 string_decoder is also the name of a node core module.
662 info package.json timers-browserify@1.4.2 No license field.
663 info package.json to-array@0.1.3 No license field.
664 info package.json ua-parser-js@0.7.10 No license field.
665 info package.json underscore@1.7.0 No license field.
666 info package.json url@0.10.3 url is also the name of a node core module.
667 info package.json util@0.10.3 util is also the name of a node core module.
668 info package.json utils-merge@1.0.0 No license field.
669 info package.json uuid@2.0.1 No license field.
670 info package.json webpack-dev-middleware@1.5.1 No license field.
671 info package.json wcwidth@1.0.0 No repository field.
672 info package.json webpack-core@0.6.8 No license field.
673 info package.json weinre@2.0.0-pre-I0Z7U9OV No license field.
674 info package.json when@3.6.4 No license field.
675 info package.json xmlhttprequest-ssl@1.5.1 No license field.
676 info package.json xmlhttprequest@1.5.0 No license field.
677 verbose readDependencies loading dependencies from /Users/njonas/Code/bardare/package.json
678 silly cache add args [ 'textfit', null ]
679 verbose cache add spec textfit
680 silly cache add parsed spec Result {
680 silly cache add   raw: 'textfit',
680 silly cache add   scope: null,
680 silly cache add   name: 'textfit',
680 silly cache add   rawSpec: '',
680 silly cache add   spec: 'latest',
680 silly cache add   type: 'tag' }
681 silly addNamed textfit@latest
682 verbose addNamed "latest" is being treated as a dist-tag for textfit
683 info addNameTag [ 'textfit', 'latest' ]
684 silly mapToRegistry name textfit
685 silly mapToRegistry using default registry
686 silly mapToRegistry registry https://registry.npmjs.org/
687 silly mapToRegistry uri https://registry.npmjs.org/textfit
688 verbose addNameTag registry:https://registry.npmjs.org/textfit not in flight; fetching
689 verbose request uri https://registry.npmjs.org/textfit
690 verbose request no auth needed
691 info attempt registry request try #1 at 6:38:41 PM
692 verbose request id 0705361756311f65
693 http request GET https://registry.npmjs.org/textfit
694 http 200 https://registry.npmjs.org/textfit
695 verbose headers { server: 'CouchDB/1.5.0 (Erlang OTP/R16B03)',
695 verbose headers   etag: '"A3ZKGL1DFTFEL06T91ASFWTNT"',
695 verbose headers   'content-type': 'application/json',
695 verbose headers   'cache-control': 'max-age=300',
695 verbose headers   'content-length': '10615',
695 verbose headers   'accept-ranges': 'bytes',
695 verbose headers   date: 'Sat, 09 Apr 2016 22:38:42 GMT',
695 verbose headers   via: '1.1 varnish',
695 verbose headers   age: '0',
695 verbose headers   connection: 'keep-alive',
695 verbose headers   'x-served-by': 'cache-iad2141-IAD',
695 verbose headers   'x-cache': 'MISS',
695 verbose headers   'x-cache-hits': '0',
695 verbose headers   'x-timer': 'S1460241522.383646,VS0,VE81',
695 verbose headers   vary: 'Accept-Encoding' }
696 silly get cb [ 200,
696 silly get   { server: 'CouchDB/1.5.0 (Erlang OTP/R16B03)',
696 silly get     etag: '"A3ZKGL1DFTFEL06T91ASFWTNT"',
696 silly get     'content-type': 'application/json',
696 silly get     'cache-control': 'max-age=300',
696 silly get     'content-length': '10615',
696 silly get     'accept-ranges': 'bytes',
696 silly get     date: 'Sat, 09 Apr 2016 22:38:42 GMT',
696 silly get     via: '1.1 varnish',
696 silly get     age: '0',
696 silly get     connection: 'keep-alive',
696 silly get     'x-served-by': 'cache-iad2141-IAD',
696 silly get     'x-cache': 'MISS',
696 silly get     'x-cache-hits': '0',
696 silly get     'x-timer': 'S1460241522.383646,VS0,VE81',
696 silly get     vary: 'Accept-Encoding' } ]
697 verbose get saving textfit to /Users/njonas/.npm/registry.npmjs.org/textfit/.cache.json
698 silly addNameTag next cb for textfit with tag latest
699 silly addNamed textfit@2.2.2
700 verbose addNamed "2.2.2" is a plain semver version for textfit
701 silly mapToRegistry name textfit
702 silly mapToRegistry using default registry
703 silly mapToRegistry registry https://registry.npmjs.org/
704 silly mapToRegistry uri https://registry.npmjs.org/textfit
705 verbose addRemoteTarball https://registry.npmjs.org/textfit/-/textfit-2.2.2.tgz not in flight; adding
706 verbose addRemoteTarball [ 'https://registry.npmjs.org/textfit/-/textfit-2.2.2.tgz',
706 verbose addRemoteTarball   '1366fb834080b4a9de6123a5d700bc2a003d9f3e' ]
707 info retry fetch attempt 1 at 6:38:42 PM
708 info attempt registry request try #1 at 6:38:42 PM
709 http fetch GET https://registry.npmjs.org/textfit/-/textfit-2.2.2.tgz
710 http fetch 200 https://registry.npmjs.org/textfit/-/textfit-2.2.2.tgz
711 silly fetchAndShaCheck shasum 1366fb834080b4a9de6123a5d700bc2a003d9f3e
712 verbose addTmpTarball /var/folders/9g/p_pshj617_5bkg7f9hvvdmdc007rqj/T/npm-91442-ae393af6/registry.npmjs.org/textfit/-/textfit-2.2.2.tgz not in flight; adding
713 verbose addTmpTarball already have metadata; skipping unpack for textfit@2.2.2
714 silly cache afterAdd textfit@2.2.2
715 verbose afterAdd /Users/njonas/.npm/textfit/2.2.2/package/package.json not in flight; writing
716 verbose afterAdd /Users/njonas/.npm/textfit/2.2.2/package/package.json written
717 silly install resolved [ { name: 'textfit',
717 silly install resolved     version: '2.2.2',
717 silly install resolved     description: 'A fast, jQuery-free text sizing component that quickly fits single and multi-line text to the width (and optionally height) of its container.',
717 silly install resolved     main: 'textFit.js',
717 silly install resolved     directories: { example: 'examples' },
717 silly install resolved     scripts:
717 silly install resolved      { test: 'echo "Error: no test specified" && exit 1',
717 silly install resolved        build: 'uglifyjs textFit.js > textFit.min.js',
717 silly install resolved        prepublish: 'npm run build' },
717 silly install resolved     repository: { type: 'git', url: 'git+https://github.com/STRML/textFit.git' },
717 silly install resolved     keywords: [ 'textfit', 'fit', 'text' ],
717 silly install resolved     author:
717 silly install resolved      { name: 'Samuel Reed',
717 silly install resolved        email: 'samuel.trace.reed@gmail.com',
717 silly install resolved        url: 'http://strml.net/' },
717 silly install resolved     license: 'MIT',
717 silly install resolved     bugs: { url: 'https://github.com/STRML/textFit/issues' },
717 silly install resolved     homepage: 'https://github.com/STRML/textFit',
717 silly install resolved     publishConfig: { registry: 'https://registry.npmjs.org' },
717 silly install resolved     devDependencies: { 'uglify-js': '^2.4.17' },
717 silly install resolved     gitHead: '9ba161e6290a98df4438cf34d0e73570c59919ed',
717 silly install resolved     _id: 'textfit@2.2.2',
717 silly install resolved     _shasum: '1366fb834080b4a9de6123a5d700bc2a003d9f3e',
717 silly install resolved     _from: 'textfit@latest',
717 silly install resolved     _npmVersion: '2.8.4',
717 silly install resolved     _nodeVersion: '0.12.2',
717 silly install resolved     _npmUser: { name: 'strml', email: 'samuel.trace.reed@gmail.com' },
717 silly install resolved     maintainers: [ [Object] ],
717 silly install resolved     dist:
717 silly install resolved      { shasum: '1366fb834080b4a9de6123a5d700bc2a003d9f3e',
717 silly install resolved        tarball: 'https://registry.npmjs.org/textfit/-/textfit-2.2.2.tgz' },
717 silly install resolved     _resolved: 'https://registry.npmjs.org/textfit/-/textfit-2.2.2.tgz' } ]
718 info install textfit@2.2.2 into /Users/njonas/Code/bardare
719 info installOne textfit@2.2.2
720 verbose installOne of textfit to /Users/njonas/Code/bardare not in flight; installing
721 verbose lock using /Users/njonas/.npm/_locks/textfit-e678fc26c0224e35.lock for /Users/njonas/Code/bardare/node_modules/textfit
722 silly install write writing textfit 2.2.2 to /Users/njonas/Code/bardare/node_modules/textfit
723 verbose unbuild node_modules/textfit
724 silly gentlyRm /Users/njonas/Code/bardare/node_modules/textfit is being purged from base /Users/njonas/Code/bardare
725 verbose gentlyRm don't care about contents; nuking /Users/njonas/Code/bardare/node_modules/textfit
726 verbose tar unpack /Users/njonas/.npm/textfit/2.2.2/package.tgz
727 verbose tar unpacking to /Users/njonas/Code/bardare/node_modules/textfit
728 silly gentlyRm /Users/njonas/Code/bardare/node_modules/textfit is being purged
729 verbose gentlyRm don't care about contents; nuking /Users/njonas/Code/bardare/node_modules/textfit
730 silly gunzTarPerm modes [ '755', '644' ]
731 silly gunzTarPerm extractEntry package.json
732 silly gunzTarPerm extractEntry .npmignore
733 silly gunzTarPerm extractEntry README.md
734 silly gunzTarPerm extractEntry textFit.js
735 silly gunzTarPerm extractEntry textFit.min.js
736 silly gunzTarPerm extractEntry bower.json
737 silly gunzTarPerm extractEntry examples/textFit.slow.js
738 silly gunzTarPerm extractEntry examples/textFit.html
739 verbose write writing to /Users/njonas/Code/bardare/node_modules/textfit/package.json
740 info preinstall textfit@2.2.2
741 verbose readDependencies loading dependencies from /Users/njonas/Code/bardare/node_modules/textfit/package.json
742 verbose readDependencies loading dependencies from /Users/njonas/Code/bardare/node_modules/textfit/package.json
743 silly install resolved []
744 verbose about to build /Users/njonas/Code/bardare/node_modules/textfit
745 info build /Users/njonas/Code/bardare/node_modules/textfit
746 info linkStuff textfit@2.2.2
747 silly linkStuff textfit@2.2.2 has /Users/njonas/Code/bardare/node_modules as its parent node_modules
748 verbose linkBins textfit@2.2.2
749 verbose linkMans textfit@2.2.2
750 verbose rebuildBundles textfit@2.2.2
751 info install textfit@2.2.2
752 info postinstall textfit@2.2.2
753 verbose unlock done using /Users/njonas/.npm/_locks/textfit-e678fc26c0224e35.lock for /Users/njonas/Code/bardare/node_modules/textfit
754 verbose validateInstall loading /Users/njonas/Code/bardare/package.json for validation
755 verbose stack Error: The package angular2@2.0.0-beta.8 does not satisfy its siblings' peerDependencies requirements!
755 verbose stack     at /usr/local/lib/node_modules/npm/lib/install.js:125:32
755 verbose stack     at /usr/local/lib/node_modules/npm/lib/install.js:268:7
755 verbose stack     at /usr/local/lib/node_modules/npm/node_modules/read-installed/read-installed.js:142:5
755 verbose stack     at /usr/local/lib/node_modules/npm/node_modules/read-installed/read-installed.js:263:14
755 verbose stack     at cb (/usr/local/lib/node_modules/npm/node_modules/slide/lib/async-map.js:47:24)
755 verbose stack     at /usr/local/lib/node_modules/npm/node_modules/read-installed/read-installed.js:263:14
755 verbose stack     at cb (/usr/local/lib/node_modules/npm/node_modules/slide/lib/async-map.js:47:24)
755 verbose stack     at /usr/local/lib/node_modules/npm/node_modules/read-installed/read-installed.js:263:14
755 verbose stack     at cb (/usr/local/lib/node_modules/npm/node_modules/slide/lib/async-map.js:47:24)
755 verbose stack     at /usr/local/lib/node_modules/npm/node_modules/read-installed/read-installed.js:263:14
756 verbose cwd /Users/njonas/Code/bardare
757 error Darwin 15.3.0
758 error argv "/usr/local/bin/nsolid" "/usr/local/bin/npm" "install" "--save" "textfit"
759 error node v4.3.2
760 error npm  v2.14.12
761 error code EPEERINVALID
762 error peerinvalid The package angular2@2.0.0-beta.8 does not satisfy its siblings' peerDependencies requirements!
762 error peerinvalid Peer @ngrx/store@1.3.2 wants angular2@2.0.0-beta.7
763 verbose exit [ 1, true ]
